INFO:root:Parsing Trace Header
INFO:root:Parsing Trace Header
INFO:root:Parsing Trace Header
INFO:root:Parsing Trace Header
INFO:root:Parsing Trace Header
INFO:root:Parsing Trace Header
INFO:root:Parsing Trace Header
INFO:root:Parsing Trace Header
INFO:root:Parsing Trace Header
INFO:root:Parsing Trace Header
INFO:root:Parsing Trace Header
INFO:root:Parsing Trace Header
INFO:root:Parsing Trace Header
INFO:root:Parsing Trace Header
INFO:root:Parsing Trace Header
INFO:root:Parsing Trace Header
INFO:root:Parsing Trace Header
INFO:root:Parsing Trace Header
INFO:root:Parsing Trace Header
INFO:root:Parsing Trace Header
INFO:root:Parsing Trace Header
INFO:root:Parsing Trace Header
DEBUG:root:Parsing Trace Header 41
INFO:root:Parsing Trace Header
DEBUG:root:Parsing Trace Header 41
INFO:root:Parsing Trace Header
DEBUG:root:Parsing Trace Header 41
INFO:root:Parsing Trace Header
DEBUG:root:Parsing Trace Header 41
DEBUG:root:Trace Number : 100
DEBUG:root:Parsing Trace Header 42
DEBUG:root:Point Count : 5040
INFO:root:Parsing Trace Header
DEBUG:root:Parsing Trace Header 41
DEBUG:root:Trace Number : 100
DEBUG:root:Parsing Trace Header 42
DEBUG:root:Point Count : 5040
DEBUG:root:Parsing Trace Header 43
INFO:root:Parsing Trace Header
DEBUG:root:Parsing Trace Header 41
DEBUG:root:Trace Number : 100
DEBUG:root:Parsing Trace Header 42
DEBUG:root:Point Count : 5040
DEBUG:root:Parsing Trace Header 43
DEBUG:root:Sample Coding : 0
DEBUG:root:Sample Length : 2
DEBUG:root:Parsing Trace Header 44
DEBUG:root:Crypto Data Length : 32
DEBUG:root:Parsing Trace Header 46
DEBUG:root:Global Trace Title : trace
DEBUG:root:Parsing Trace File End.
INFO:root:Parsing Trace Header
DEBUG:root:Parsing Trace Header 41
DEBUG:root:Trace Number : 100
DEBUG:root:Parsing Trace Header 42
DEBUG:root:Point Count : 5040
DEBUG:root:Parsing Trace Header 43
DEBUG:root:Sample Coding : 0
DEBUG:root:Sample Length : 2
DEBUG:root:Parsing Trace Header 44
DEBUG:root:Crypto Data Length : 32
DEBUG:root:Parsing Trace Header 46
DEBUG:root:Global Trace Title : trace
DEBUG:root:Parsing Trace File End.
DEBUG:root:Trace Header Length : 28
